<col:collection xmlns="http://cnx.rice.edu/collxml" xmlns:col="http://cnx.rice.edu/collxml" xml:lang="en" authors="Ed Woodward">
  <metadata xmlns:md="http://cnx.rice.edu/mdml" mdml-version="0.5">
    <md:content-id>col11786</md:content-id>
    <md:title>Test Book 5-2</md:title>
    <md:language>en</md:language>
    <md:license url="http://creativecommons.org/licenses/by/4.0/">Creative Commons Attribution License</md:license>
    <md:uuid>591c5f05-6dfa-4ca0-b6d3-acfbeb3e75c8</md:uuid>
<md:slug>test-book-5-2</md:slug>
</metadata>
  <col:content>
    <col:module document="m55486"/>
    <col:module document="m10865"/>
  </col:content>
</col:collection>